7E7&a10L7&l80F7&l8D7(s0p16.67h8.5
                          DECOMPRESSION CALCULATION PROGRAM
                        Developed in FORTRAN by Erik C. Baker
 
 
Program Run:    02-05-2020 at 07:51 pm                       Model: ZH-L16B/GF
 
Description:    First line is description, 2 is numer of gasses, then 3 lines for ever
 
Altitude =     0.0 meters    Barometric Pressure = 10.0 msw abs. (1000.00 millibars)
 
 
                                     DIVE DATA
 
Seg-  Segm.  Run   | Gasmix |  RMV  GasVol   Max   Max     CNS    CPTD    END     END
ment  Time   Time  |  Used  |liter   Segm.  Depth  PO2     O2 %   (OTU)   N2     N2+O2
  #   (min)  (min) |    #   | /min  liters  (mswg) Segm.   Segm.  Segm.  (mswg)  (mswg)
----- -----  ----- | ------ | ----  ------  ------ -----  ------  -----  ------  ------
  1     1.5    1.5 |    1   | 0.00     0.0    30.  1.26     0.4%    0.9    -10.      3.
  2    58.5   60.0 |    0   | 0.00     0.0    30.  0.00     0.0%    0.0    -10.    -10.
  3    -Inf   -Inf |    0   | 0.00     NaN     0.  0.00     0.0%    0.0    -10.    -10.
                                                          ------  -----
                                                            0.4%    0.9
                                                           Total  Total
 
 
                                                  with 1.5
Gasmix Volume Totals:                  liters   safety factor
                         Gasmix # 1       0.0         0.0
[insert page break code 012]
